\BOOKMARK [0][-]{chapter.1}{Wstep}{}% 1
\BOOKMARK [1][-]{section.1.1}{Uzasadnienie wyboru tematu}{chapter.1}% 2
\BOOKMARK [1][-]{section.1.2}{Problematyka i zakres pracy}{chapter.1}% 3
\BOOKMARK [1][-]{section.1.3}{Cele pracy}{chapter.1}% 4
\BOOKMARK [1][-]{section.1.4}{Metoda badawcza}{chapter.1}% 5
\BOOKMARK [1][-]{section.1.5}{Przeglad literatury w dziedzinie}{chapter.1}% 6
\BOOKMARK [1][-]{section.1.6}{Uk\233ad pracy}{chapter.1}% 7
\BOOKMARK [0][-]{chapter.2}{Zagadnienia teoretyczne}{}% 8
\BOOKMARK [1][-]{section.2.1}{Podstawowe definicje}{chapter.2}% 9
\BOOKMARK [0][-]{chapter.3}{Technologie i metody uzyte w czesci badawczej}{}% 10
\BOOKMARK [0][-]{chapter.4}{Analiza istniejacych rozwiazan}{}% 11
\BOOKMARK [0][-]{chapter.5}{Aplikacja szkieletowa Qubic}{}% 12
\BOOKMARK [1][-]{section.5.1}{Analiza wymagan}{chapter.5}% 13
\BOOKMARK [1][-]{section.5.2}{Projekt}{chapter.5}% 14
\BOOKMARK [1][-]{section.5.3}{Implementacja}{chapter.5}% 15
\BOOKMARK [1][-]{section.5.4}{Konserwacja i inzynieria wt\363rna}{chapter.5}% 16
\BOOKMARK [1][-]{section.5.5}{Dokumentacja uzytkownika}{chapter.5}% 17
\BOOKMARK [1][-]{section.5.6}{Przyk\233adowa aplikacja wykorzystujaca Qubica}{chapter.5}% 18
\BOOKMARK [1][-]{section.5.7}{Testy oraz ich wyniki}{chapter.5}% 19
\BOOKMARK [1][-]{section.5.8}{Perspektywy rozwoju Qubica}{chapter.5}% 20
\BOOKMARK [0][-]{chapter.6}{Podsumowanie}{}% 21
\BOOKMARK [1][-]{section.6.1}{Dyskusja wynik\363w}{chapter.6}% 22
\BOOKMARK [1][-]{section.6.2}{Perspektywy rozwoju pracy}{chapter.6}% 23
\BOOKMARK [0][-]{section.6.2}{Bibliografia}{}% 24
\BOOKMARK [0][-]{chapter*.10}{Spis rysunk\363w}{}% 25
\BOOKMARK [0][-]{chapter*.11}{Spis tabel}{}% 26
\BOOKMARK [0][-]{chapter*.12}{Za\233aczniki}{}% 27
