This is pdfTeX, Version 3.1415926-2.5-1.40.14 (MiKTeX 2.9) (preloaded format=pdflatex 2014.4.7)  2 AUG 2014 13:57
entering extended mode
**D:/Workspace/Qubic/docs/thesis.tex
(D:/Workspace/Qubic/docs/thesis.tex
LaTeX2e <2011/06/27>
Babel <v3.8m> and hyphenation patterns for english, afrikaans, ancientgreek, ar
abic, armenian, assamese, basque, bengali, bokmal, bulgarian, catalan, coptic, 
croatian, czech, danish, dutch, esperanto, estonian, farsi, finnish, french, ga
lician, german, german-x-2013-05-26, greek, gujarati, hindi, hungarian, iceland
ic, indonesian, interlingua, irish, italian, kannada, kurmanji, latin, latvian,
 lithuanian, malayalam, marathi, mongolian, mongolianlmc, monogreek, ngerman, n
german-x-2013-05-26, nynorsk, oriya, panjabi, pinyin, polish, portuguese, roman
ian, russian, sanskrit, serbian, slovak, slovenian, spanish, swedish, swissgerm
an, tamil, telugu, turkish, turkmen, ukenglish, ukrainian, uppersorbian, usengl
ishmax, welsh, loaded.
("C:\Program Files (x86)\MiKTeX 2.9\tex\latex\base\report.cls"
Document Class: report 2007/10/19 v1.4h Standard LaTeX document class
("C:\Program Files (x86)\MiKTeX 2.9\tex\latex\base\size12.clo"
File: size12.clo 2007/10/19 v1.4h Standard LaTeX file (size option)
)
\c@part=\count79
\c@chapter=\count80
\c@section=\count81
\c@subsection=\count82
\c@subsubsection=\count83
\c@paragraph=\count84
\c@subparagraph=\count85
\c@figure=\count86
\c@table=\count87
\abovecaptionskip=\skip41
\belowcaptionskip=\skip42
\bibindent=\dimen102
)
("C:\Program Files (x86)\MiKTeX 2.9\tex\latex\base\fontenc.sty"
Package: fontenc 2005/09/27 v1.99g Standard LaTeX package

("C:\Program Files (x86)\MiKTeX 2.9\tex\latex\base\t1enc.def"
File: t1enc.def 2005/09/27 v1.99g Standard LaTeX file
LaTeX Font Info:    Redeclaring font encoding T1 on input line 43.
))
("C:\Program Files (x86)\MiKTeX 2.9\tex\latex\base\inputenc.sty"
Package: inputenc 2008/03/30 v1.1d Input encoding file
\inpenc@prehook=\toks14
\inpenc@posthook=\toks15

("C:\Program Files (x86)\MiKTeX 2.9\tex\latex\base\utf8.def"
File: utf8.def 2008/04/05 v1.1m UTF-8 support for inputenc
Now handling font encoding OML ...
... no UTF-8 mapping file for font encoding OML
Now handling font encoding T1 ...
... processing UTF-8 mapping file for font encoding T1

("C:\Program Files (x86)\MiKTeX 2.9\tex\latex\base\t1enc.dfu"
File: t1enc.dfu 2008/04/05 v1.1m UTF-8 support for inputenc
   defining Unicode char U+00A1 (decimal 161)
   defining Unicode char U+00A3 (decimal 163)
   defining Unicode char U+00AB (decimal 171)
   defining Unicode char U+00BB (decimal 187)
   defining Unicode char U+00BF (decimal 191)
   defining Unicode char U+00C0 (decimal 192)
   defining Unicode char U+00C1 (decimal 193)
   defining Unicode char U+00C2 (decimal 194)
   defining Unicode char U+00C3 (decimal 195)
   defining Unicode char U+00C4 (decimal 196)
   defining Unicode char U+00C5 (decimal 197)
   defining Unicode char U+00C6 (decimal 198)
   defining Unicode char U+00C7 (decimal 199)
   defining Unicode char U+00C8 (decimal 200)
   defining Unicode char U+00C9 (decimal 201)
   defining Unicode char U+00CA (decimal 202)
   defining Unicode char U+00CB (decimal 203)
   defining Unicode char U+00CC (decimal 204)
   defining Unicode char U+00CD (decimal 205)
   defining Unicode char U+00CE (decimal 206)
   defining Unicode char U+00CF (decimal 207)
   defining Unicode char U+00D0 (decimal 208)
   defining Unicode char U+00D1 (decimal 209)
   defining Unicode char U+00D2 (decimal 210)
   defining Unicode char U+00D3 (decimal 211)
   defining Unicode char U+00D4 (decimal 212)
   defining Unicode char U+00D5 (decimal 213)
   defining Unicode char U+00D6 (decimal 214)
   defining Unicode char U+00D8 (decimal 216)
   defining Unicode char U+00D9 (decimal 217)
   defining Unicode char U+00DA (decimal 218)
   defining Unicode char U+00DB (decimal 219)
   defining Unicode char U+00DC (decimal 220)
   defining Unicode char U+00DD (decimal 221)
   defining Unicode char U+00DE (decimal 222)
   defining Unicode char U+00DF (decimal 223)
   defining Unicode char U+00E0 (decimal 224)
   defining Unicode char U+00E1 (decimal 225)
   defining Unicode char U+00E2 (decimal 226)
   defining Unicode char U+00E3 (decimal 227)
   defining Unicode char U+00E4 (decimal 228)
   defining Unicode char U+00E5 (decimal 229)
   defining Unicode char U+00E6 (decimal 230)
   defining Unicode char U+00E7 (decimal 231)
   defining Unicode char U+00E8 (decimal 232)
   defining Unicode char U+00E9 (decimal 233)
   defining Unicode char U+00EA (decimal 234)
   defining Unicode char U+00EB (decimal 235)
   defining Unicode char U+00EC (decimal 236)
   defining Unicode char U+00ED (decimal 237)
   defining Unicode char U+00EE (decimal 238)
   defining Unicode char U+00EF (decimal 239)
   defining Unicode char U+00F0 (decimal 240)
   defining Unicode char U+00F1 (decimal 241)
   defining Unicode char U+00F2 (decimal 242)
   defining Unicode char U+00F3 (decimal 243)
   defining Unicode char U+00F4 (decimal 244)
   defining Unicode char U+00F5 (decimal 245)
   defining Unicode char U+00F6 (decimal 246)
   defining Unicode char U+00F8 (decimal 248)
   defining Unicode char U+00F9 (decimal 249)
   defining Unicode char U+00FA (decimal 250)
   defining Unicode char U+00FB (decimal 251)
   defining Unicode char U+00FC (decimal 252)
   defining Unicode char U+00FD (decimal 253)
   defining Unicode char U+00FE (decimal 254)
   defining Unicode char U+00FF (decimal 255)
   defining Unicode char U+0102 (decimal 258)
   defining Unicode char U+0103 (decimal 259)
   defining Unicode char U+0104 (decimal 260)
   defining Unicode char U+0105 (decimal 261)
   defining Unicode char U+0106 (decimal 262)
   defining Unicode char U+0107 (decimal 263)
   defining Unicode char U+010C (decimal 268)
   defining Unicode char U+010D (decimal 269)
   defining Unicode char U+010E (decimal 270)
   defining Unicode char U+010F (decimal 271)
   defining Unicode char U+0110 (decimal 272)
   defining Unicode char U+0111 (decimal 273)
   defining Unicode char U+0118 (decimal 280)
   defining Unicode char U+0119 (decimal 281)
   defining Unicode char U+011A (decimal 282)
   defining Unicode char U+011B (decimal 283)
   defining Unicode char U+011E (decimal 286)
   defining Unicode char U+011F (decimal 287)
   defining Unicode char U+0130 (decimal 304)
   defining Unicode char U+0131 (decimal 305)
   defining Unicode char U+0132 (decimal 306)
   defining Unicode char U+0133 (decimal 307)
   defining Unicode char U+0139 (decimal 313)
   defining Unicode char U+013A (decimal 314)
   defining Unicode char U+013D (decimal 317)
   defining Unicode char U+013E (decimal 318)
   defining Unicode char U+0141 (decimal 321)
   defining Unicode char U+0142 (decimal 322)
   defining Unicode char U+0143 (decimal 323)
   defining Unicode char U+0144 (decimal 324)
   defining Unicode char U+0147 (decimal 327)
   defining Unicode char U+0148 (decimal 328)
   defining Unicode char U+014A (decimal 330)
   defining Unicode char U+014B (decimal 331)
   defining Unicode char U+0150 (decimal 336)
   defining Unicode char U+0151 (decimal 337)
   defining Unicode char U+0152 (decimal 338)
   defining Unicode char U+0153 (decimal 339)
   defining Unicode char U+0154 (decimal 340)
   defining Unicode char U+0155 (decimal 341)
   defining Unicode char U+0158 (decimal 344)
   defining Unicode char U+0159 (decimal 345)
   defining Unicode char U+015A (decimal 346)
   defining Unicode char U+015B (decimal 347)
   defining Unicode char U+015E (decimal 350)
   defining Unicode char U+015F (decimal 351)
   defining Unicode char U+0160 (decimal 352)
   defining Unicode char U+0161 (decimal 353)
   defining Unicode char U+0162 (decimal 354)
   defining Unicode char U+0163 (decimal 355)
   defining Unicode char U+0164 (decimal 356)
   defining Unicode char U+0165 (decimal 357)
   defining Unicode char U+016E (decimal 366)
   defining Unicode char U+016F (decimal 367)
   defining Unicode char U+0170 (decimal 368)
   defining Unicode char U+0171 (decimal 369)
   defining Unicode char U+0178 (decimal 376)
   defining Unicode char U+0179 (decimal 377)
   defining Unicode char U+017A (decimal 378)
   defining Unicode char U+017B (decimal 379)
   defining Unicode char U+017C (decimal 380)
   defining Unicode char U+017D (decimal 381)
   defining Unicode char U+017E (decimal 382)
   defining Unicode char U+200C (decimal 8204)
   defining Unicode char U+2013 (decimal 8211)
   defining Unicode char U+2014 (decimal 8212)
   defining Unicode char U+2018 (decimal 8216)
   defining Unicode char U+2019 (decimal 8217)
   defining Unicode char U+201A (decimal 8218)
   defining Unicode char U+201C (decimal 8220)
   defining Unicode char U+201D (decimal 8221)
   defining Unicode char U+201E (decimal 8222)
   defining Unicode char U+2030 (decimal 8240)
   defining Unicode char U+2031 (decimal 8241)
   defining Unicode char U+2039 (decimal 8249)
   defining Unicode char U+203A (decimal 8250)
   defining Unicode char U+2423 (decimal 9251)
)
Now handling font encoding OT1 ...
... processing UTF-8 mapping file for font encoding OT1

("C:\Program Files (x86)\MiKTeX 2.9\tex\latex\base\ot1enc.dfu"
File: ot1enc.dfu 2008/04/05 v1.1m UTF-8 support for inputenc
   defining Unicode char U+00A1 (decimal 161)
   defining Unicode char U+00A3 (decimal 163)
   defining Unicode char U+00B8 (decimal 184)
   defining Unicode char U+00BF (decimal 191)
   defining Unicode char U+00C5 (decimal 197)
   defining Unicode char U+00C6 (decimal 198)
   defining Unicode char U+00D8 (decimal 216)
   defining Unicode char U+00DF (decimal 223)
   defining Unicode char U+00E6 (decimal 230)
   defining Unicode char U+00EC (decimal 236)
   defining Unicode char U+00ED (decimal 237)
   defining Unicode char U+00EE (decimal 238)
   defining Unicode char U+00EF (decimal 239)
   defining Unicode char U+00F8 (decimal 248)
   defining Unicode char U+0131 (decimal 305)
   defining Unicode char U+0141 (decimal 321)
   defining Unicode char U+0142 (decimal 322)
   defining Unicode char U+0152 (decimal 338)
   defining Unicode char U+0153 (decimal 339)
   defining Unicode char U+2013 (decimal 8211)
   defining Unicode char U+2014 (decimal 8212)
   defining Unicode char U+2018 (decimal 8216)
   defining Unicode char U+2019 (decimal 8217)
   defining Unicode char U+201C (decimal 8220)
   defining Unicode char U+201D (decimal 8221)
)
Now handling font encoding OMS ...
... processing UTF-8 mapping file for font encoding OMS

("C:\Program Files (x86)\MiKTeX 2.9\tex\latex\base\omsenc.dfu"
File: omsenc.dfu 2008/04/05 v1.1m UTF-8 support for inputenc
   defining Unicode char U+00A7 (decimal 167)
   defining Unicode char U+00B6 (decimal 182)
   defining Unicode char U+00B7 (decimal 183)
   defining Unicode char U+2020 (decimal 8224)
   defining Unicode char U+2021 (decimal 8225)
   defining Unicode char U+2022 (decimal 8226)
)
Now handling font encoding OMX ...
... no UTF-8 mapping file for font encoding OMX
Now handling font encoding U ...
... no UTF-8 mapping file for font encoding U
   defining Unicode char U+00A9 (decimal 169)
   defining Unicode char U+00AA (decimal 170)
   defining Unicode char U+00AE (decimal 174)
   defining Unicode char U+00BA (decimal 186)
   defining Unicode char U+02C6 (decimal 710)
   defining Unicode char U+02DC (decimal 732)
   defining Unicode char U+200C (decimal 8204)
   defining Unicode char U+2026 (decimal 8230)
   defining Unicode char U+2122 (decimal 8482)
   defining Unicode char U+2423 (decimal 9251)
))
("C:\Program Files (x86)\MiKTeX 2.9\tex\latex\graphics\graphicx.sty"
Package: graphicx 1999/02/16 v1.0f Enhanced LaTeX Graphics (DPC,SPQR)

("C:\Program Files (x86)\MiKTeX 2.9\tex\latex\graphics\keyval.sty"
Package: keyval 1999/03/16 v1.13 key=value parser (DPC)
\KV@toks@=\toks16
)
("C:\Program Files (x86)\MiKTeX 2.9\tex\latex\graphics\graphics.sty"
Package: graphics 2009/02/05 v1.0o Standard LaTeX Graphics (DPC,SPQR)

("C:\Program Files (x86)\MiKTeX 2.9\tex\latex\graphics\trig.sty"
Package: trig 1999/03/16 v1.09 sin cos tan (DPC)
)
("C:\Program Files (x86)\MiKTeX 2.9\tex\latex\00miktex\graphics.cfg"
File: graphics.cfg 2007/01/18 v1.5 graphics configuration of teTeX/TeXLive
)
Package graphics Info: Driver file: pdftex.def on input line 91.

("C:\Program Files (x86)\MiKTeX 2.9\tex\latex\pdftex-def\pdftex.def"
File: pdftex.def 2011/05/27 v0.06d Graphics/color for pdfTeX

("C:\Program Files (x86)\MiKTeX 2.9\tex\generic\oberdiek\infwarerr.sty"
Package: infwarerr 2010/04/08 v1.3 Providing info/warning/error messages (HO)
)
("C:\Program Files (x86)\MiKTeX 2.9\tex\generic\oberdiek\ltxcmds.sty"
Package: ltxcmds 2011/11/09 v1.22 LaTeX kernel commands for general use (HO)
)
\Gread@gobject=\count88
))
\Gin@req@height=\dimen103
\Gin@req@width=\dimen104
)
("C:\Program Files (x86)\MiKTeX 2.9\tex\latex\amsmath\amsmath.sty"
Package: amsmath 2013/01/14 v2.14 AMS math features
\@mathmargin=\skip43

For additional information on amsmath, use the `?' option.
("C:\Program Files (x86)\MiKTeX 2.9\tex\latex\amsmath\amstext.sty"
Package: amstext 2000/06/29 v2.01

("C:\Program Files (x86)\MiKTeX 2.9\tex\latex\amsmath\amsgen.sty"
File: amsgen.sty 1999/11/30 v2.0
\@emptytoks=\toks17
\ex@=\dimen105
))
("C:\Program Files (x86)\MiKTeX 2.9\tex\latex\amsmath\amsbsy.sty"
Package: amsbsy 1999/11/29 v1.2d
\pmbraise@=\dimen106
)
("C:\Program Files (x86)\MiKTeX 2.9\tex\latex\amsmath\amsopn.sty"
Package: amsopn 1999/12/14 v2.01 operator names
)
\inf@bad=\count89
LaTeX Info: Redefining \frac on input line 210.
\uproot@=\count90
\leftroot@=\count91
LaTeX Info: Redefining \overline on input line 306.
\classnum@=\count92
\DOTSCASE@=\count93
LaTeX Info: Redefining \ldots on input line 378.
LaTeX Info: Redefining \dots on input line 381.
LaTeX Info: Redefining \cdots on input line 466.
\Mathstrutbox@=\box26
\strutbox@=\box27
\big@size=\dimen107
LaTeX Font Info:    Redeclaring font encoding OML on input line 566.
LaTeX Font Info:    Redeclaring font encoding OMS on input line 567.
\macc@depth=\count94
\c@MaxMatrixCols=\count95
\dotsspace@=\muskip10
\c@parentequation=\count96
\dspbrk@lvl=\count97
\tag@help=\toks18
\row@=\count98
\column@=\count99
\maxfields@=\count100
\andhelp@=\toks19
\eqnshift@=\dimen108
\alignsep@=\dimen109
\tagshift@=\dimen110
\tagwidth@=\dimen111
\totwidth@=\dimen112
\lineht@=\dimen113
\@envbody=\toks20
\multlinegap=\skip44
\multlinetaggap=\skip45
\mathdisplay@stack=\toks21
LaTeX Info: Redefining \[ on input line 2665.
LaTeX Info: Redefining \] on input line 2666.
)
("C:\Program Files (x86)\MiKTeX 2.9\tex\latex\amsfonts\amssymb.sty"
Package: amssymb 2013/01/14 v3.01 AMS font symbols

("C:\Program Files (x86)\MiKTeX 2.9\tex\latex\amsfonts\amsfonts.sty"
Package: amsfonts 2013/01/14 v3.01 Basic AMSFonts support
\symAMSa=\mathgroup4
\symAMSb=\mathgroup5
LaTeX Font Info:    Overwriting math alphabet `\mathfrak' in version `bold'
(Font)                  U/euf/m/n --> U/euf/b/n on input line 106.
))
(C:\Users\Marcin\AppData\Roaming\MiKTeX\2.9\tex\latex\txfonts\txfonts.sty
Package: txfonts 2008/01/22 v3.2.1
LaTeX Font Info:    Redeclaring symbol font `operators' on input line 21.
LaTeX Font Info:    Overwriting symbol font `operators' in version `normal'
(Font)                  OT1/cmr/m/n --> OT1/txr/m/n on input line 21.
LaTeX Font Info:    Overwriting symbol font `operators' in version `bold'
(Font)                  OT1/cmr/bx/n --> OT1/txr/m/n on input line 21.
LaTeX Font Info:    Overwriting symbol font `operators' in version `bold'
(Font)                  OT1/txr/m/n --> OT1/txr/bx/n on input line 22.
\symitalic=\mathgroup6
LaTeX Font Info:    Overwriting symbol font `italic' in version `bold'
(Font)                  OT1/txr/m/it --> OT1/txr/bx/it on input line 26.
LaTeX Font Info:    Redeclaring math alphabet \mathbf on input line 29.
LaTeX Font Info:    Overwriting math alphabet `\mathbf' in version `normal'
(Font)                  OT1/cmr/bx/n --> OT1/txr/bx/n on input line 29.
LaTeX Font Info:    Overwriting math alphabet `\mathbf' in version `bold'
(Font)                  OT1/cmr/bx/n --> OT1/txr/bx/n on input line 29.
LaTeX Font Info:    Redeclaring math alphabet \mathit on input line 30.
LaTeX Font Info:    Overwriting math alphabet `\mathit' in version `normal'
(Font)                  OT1/cmr/m/it --> OT1/txr/m/it on input line 30.
LaTeX Font Info:    Overwriting math alphabet `\mathit' in version `bold'
(Font)                  OT1/cmr/bx/it --> OT1/txr/m/it on input line 30.
LaTeX Font Info:    Overwriting math alphabet `\mathit' in version `bold'
(Font)                  OT1/txr/m/it --> OT1/txr/bx/it on input line 31.
LaTeX Font Info:    Redeclaring math alphabet \mathsf on input line 40.
LaTeX Font Info:    Overwriting math alphabet `\mathsf' in version `normal'
(Font)                  OT1/cmss/m/n --> OT1/txss/m/n on input line 40.
LaTeX Font Info:    Overwriting math alphabet `\mathsf' in version `bold'
(Font)                  OT1/cmss/bx/n --> OT1/txss/m/n on input line 40.
LaTeX Font Info:    Overwriting math alphabet `\mathsf' in version `bold'
(Font)                  OT1/txss/m/n --> OT1/txss/b/n on input line 41.
LaTeX Font Info:    Redeclaring math alphabet \mathtt on input line 50.
LaTeX Font Info:    Overwriting math alphabet `\mathtt' in version `normal'
(Font)                  OT1/cmtt/m/n --> OT1/txtt/m/n on input line 50.
LaTeX Font Info:    Overwriting math alphabet `\mathtt' in version `bold'
(Font)                  OT1/cmtt/m/n --> OT1/txtt/m/n on input line 50.
LaTeX Font Info:    Overwriting math alphabet `\mathtt' in version `bold'
(Font)                  OT1/txtt/m/n --> OT1/txtt/b/n on input line 51.
LaTeX Font Info:    Redeclaring symbol font `letters' on input line 58.
LaTeX Font Info:    Overwriting symbol font `letters' in version `normal'
(Font)                  OML/cmm/m/it --> OML/txmi/m/it on input line 58.
LaTeX Font Info:    Overwriting symbol font `letters' in version `bold'
(Font)                  OML/cmm/b/it --> OML/txmi/m/it on input line 58.
LaTeX Font Info:    Overwriting symbol font `letters' in version `bold'
(Font)                  OML/txmi/m/it --> OML/txmi/bx/it on input line 59.
\symlettersA=\mathgroup7
LaTeX Font Info:    Overwriting symbol font `lettersA' in version `bold'
(Font)                  U/txmia/m/it --> U/txmia/bx/it on input line 67.
LaTeX Font Info:    Redeclaring math alphabet \mathfrak on input line 70.
LaTeX Font Info:    Redeclaring symbol font `symbols' on input line 77.
LaTeX Font Info:    Overwriting symbol font `symbols' in version `normal'
(Font)                  OMS/cmsy/m/n --> OMS/txsy/m/n on input line 77.
LaTeX Font Info:    Overwriting symbol font `symbols' in version `bold'
(Font)                  OMS/cmsy/b/n --> OMS/txsy/m/n on input line 77.
LaTeX Font Info:    Overwriting symbol font `symbols' in version `bold'
(Font)                  OMS/txsy/m/n --> OMS/txsy/bx/n on input line 78.
LaTeX Font Info:    Redeclaring symbol font `AMSa' on input line 93.
LaTeX Font Info:    Overwriting symbol font `AMSa' in version `normal'
(Font)                  U/msa/m/n --> U/txsya/m/n on input line 93.
LaTeX Font Info:    Overwriting symbol font `AMSa' in version `bold'
(Font)                  U/msa/m/n --> U/txsya/m/n on input line 93.
LaTeX Font Info:    Overwriting symbol font `AMSa' in version `bold'
(Font)                  U/txsya/m/n --> U/txsya/bx/n on input line 94.
LaTeX Font Info:    Redeclaring symbol font `AMSb' on input line 102.
LaTeX Font Info:    Overwriting symbol font `AMSb' in version `normal'
(Font)                  U/msb/m/n --> U/txsyb/m/n on input line 102.
LaTeX Font Info:    Overwriting symbol font `AMSb' in version `bold'
(Font)                  U/msb/m/n --> U/txsyb/m/n on input line 102.
LaTeX Font Info:    Overwriting symbol font `AMSb' in version `bold'
(Font)                  U/txsyb/m/n --> U/txsyb/bx/n on input line 103.
\symsymbolsC=\mathgroup8
LaTeX Font Info:    Overwriting symbol font `symbolsC' in version `bold'
(Font)                  U/txsyc/m/n --> U/txsyc/bx/n on input line 113.
LaTeX Font Info:    Redeclaring symbol font `largesymbols' on input line 120.
LaTeX Font Info:    Overwriting symbol font `largesymbols' in version `normal'
(Font)                  OMX/cmex/m/n --> OMX/txex/m/n on input line 120.
LaTeX Font Info:    Overwriting symbol font `largesymbols' in version `bold'
(Font)                  OMX/cmex/m/n --> OMX/txex/m/n on input line 120.
LaTeX Font Info:    Overwriting symbol font `largesymbols' in version `bold'
(Font)                  OMX/txex/m/n --> OMX/txex/bx/n on input line 121.
\symlargesymbolsA=\mathgroup9
LaTeX Font Info:    Overwriting symbol font `largesymbolsA' in version `bold'
(Font)                  U/txexa/m/n --> U/txexa/bx/n on input line 129.
LaTeX Info: Redefining \not on input line 1043.
)
(C:\Users\Marcin\AppData\Roaming\MiKTeX\2.9\tex\latex\pdfpages\pdfpages.sty
Package: pdfpages 2013/08/25 v0.4v Insert pages of external PDF documents (AM)

("C:\Program Files (x86)\MiKTeX 2.9\tex\latex\base\ifthen.sty"
Package: ifthen 2001/05/26 v1.1c Standard LaTeX ifthen package (DPC)
)
("C:\Program Files (x86)\MiKTeX 2.9\tex\latex\tools\calc.sty"
Package: calc 2007/08/22 v4.3 Infix arithmetic (KKT,FJ)
\calc@Acount=\count101
\calc@Bcount=\count102
\calc@Adimen=\dimen114
\calc@Bdimen=\dimen115
\calc@Askip=\skip46
\calc@Bskip=\skip47
LaTeX Info: Redefining \setlength on input line 76.
LaTeX Info: Redefining \addtolength on input line 77.
\calc@Ccount=\count103
\calc@Cskip=\skip48
)
(C:\Users\Marcin\AppData\Roaming\MiKTeX\2.9\tex\latex\eso-pic\eso-pic.sty
Package: eso-pic 2013/10/06 v2.0d eso-pic (RN)

("C:\Program Files (x86)\MiKTeX 2.9\tex\generic\oberdiek\atbegshi.sty"
Package: atbegshi 2011/10/05 v1.16 At begin shipout hook (HO)

("C:\Program Files (x86)\MiKTeX 2.9\tex\generic\oberdiek\ifpdf.sty"
Package: ifpdf 2011/01/30 v2.3 Provides the ifpdf switch (HO)
Package ifpdf Info: pdfTeX in PDF mode is detected.
))
(C:\Users\Marcin\AppData\Roaming\MiKTeX\2.9\tex\latex\xcolor\xcolor.sty
Package: xcolor 2007/01/21 v2.11 LaTeX color extensions (UK)

("C:\Program Files (x86)\MiKTeX 2.9\tex\latex\00miktex\color.cfg"
File: color.cfg 2007/01/18 v1.5 color configuration of teTeX/TeXLive
)
Package xcolor Info: Driver file: pdftex.def on input line 225.
Package xcolor Info: Model `cmy' substituted by `cmy0' on input line 1337.
Package xcolor Info: Model `hsb' substituted by `rgb' on input line 1341.
Package xcolor Info: Model `RGB' extended on input line 1353.
Package xcolor Info: Model `HTML' substituted by `rgb' on input line 1355.
Package xcolor Info: Model `Hsb' substituted by `hsb' on input line 1356.
Package xcolor Info: Model `tHsb' substituted by `hsb' on input line 1357.
Package xcolor Info: Model `HSB' substituted by `hsb' on input line 1358.
Package xcolor Info: Model `Gray' substituted by `gray' on input line 1359.
Package xcolor Info: Model `wave' substituted by `hsb' on input line 1360.
))
(C:\Users\Marcin\AppData\Roaming\MiKTeX\2.9\tex\latex\pdfpages\pppdftex.def
File: pppdftex.def 2013/08/25 v0.4v Pdfpages driver for pdfTeX (AM)
)
\AM@pagebox=\box28
\AM@toc@title=\toks22
\c@AM@survey=\count104
\AM@templatesizebox=\box29
)
(C:\Users\Marcin\AppData\Roaming\MiKTeX\2.9\tex\latex\caption\caption.sty
Package: caption 2013/05/02 v3.3-89 Customizing captions (AR)

(C:\Users\Marcin\AppData\Roaming\MiKTeX\2.9\tex\latex\caption\caption3.sty
Package: caption3 2013/05/02 v1.6-88 caption3 kernel (AR)
Package caption3 Info: TeX engine: e-TeX on input line 57.
\captionmargin=\dimen116
\captionmargin@=\dimen117
\captionwidth=\dimen118
\caption@tempdima=\dimen119
\caption@indent=\dimen120
\caption@parindent=\dimen121
\caption@hangindent=\dimen122
)
\c@ContinuedFloat=\count105
)
("C:\Program Files (x86)\MiKTeX 2.9\tex\latex\float\float.sty"
Package: float 2001/11/08 v1.3d Float enhancements (AL)
\c@float@type=\count106
\float@exts=\toks23
\float@box=\box30
\@float@everytoks=\toks24
\@floatcapt=\box31
)
(C:\Users\Marcin\AppData\Roaming\MiKTeX\2.9\tex\latex\listings\listings.sty
\lst@mode=\count107
\lst@gtempboxa=\box32
\lst@token=\toks25
\lst@length=\count108
\lst@currlwidth=\dimen123
\lst@column=\count109
\lst@pos=\count110
\lst@lostspace=\dimen124
\lst@width=\dimen125
\lst@newlines=\count111
\lst@lineno=\count112
\lst@maxwidth=\dimen126

(C:\Users\Marcin\AppData\Roaming\MiKTeX\2.9\tex\latex\listings\lstmisc.sty
File: lstmisc.sty 2014/03/04 1.5c (Carsten Heinz)
\c@lstnumber=\count113
\lst@skipnumbers=\count114
\lst@framebox=\box33
)
(C:\Users\Marcin\AppData\Roaming\MiKTeX\2.9\tex\latex\listings\listings.cfg
File: listings.cfg 2014/03/04 1.5c listings configuration
))
Package: listings 2014/03/04 1.5c (Carsten Heinz)
\c@definition=\count115
\c@example=\count116
\c@corollary=\count117

(D:\Workspace\Qubic\docs\thesis.aux)
LaTeX Font Info:    Checking defaults for OML/txmi/m/it on input line 32.
LaTeX Font Info:    Try loading font information for OML+txmi on input line 32.


(C:\Users\Marcin\AppData\Roaming\MiKTeX\2.9\tex\latex\txfonts\omltxmi.fd
File: omltxmi.fd 2000/12/15 v3.1
)
LaTeX Font Info:    ... okay on input line 32.
LaTeX Font Info:    Checking defaults for T1/cmr/m/n on input line 32.
LaTeX Font Info:    ... okay on input line 32.
LaTeX Font Info:    Checking defaults for OT1/cmr/m/n on input line 32.
LaTeX Font Info:    ... okay on input line 32.
LaTeX Font Info:    Checking defaults for OMS/txsy/m/n on input line 32.
LaTeX Font Info:    Try loading font information for OMS+txsy on input line 32.


(C:\Users\Marcin\AppData\Roaming\MiKTeX\2.9\tex\latex\txfonts\omstxsy.fd
File: omstxsy.fd 2000/12/15 v3.1
)
LaTeX Font Info:    ... okay on input line 32.
LaTeX Font Info:    Checking defaults for OMX/txex/m/n on input line 32.
LaTeX Font Info:    Try loading font information for OMX+txex on input line 32.


(C:\Users\Marcin\AppData\Roaming\MiKTeX\2.9\tex\latex\txfonts\omxtxex.fd
File: omxtxex.fd 2000/12/15 v3.1
)
LaTeX Font Info:    ... okay on input line 32.
LaTeX Font Info:    Checking defaults for U/txexa/m/n on input line 32.
LaTeX Font Info:    Try loading font information for U+txexa on input line 32.

(C:\Users\Marcin\AppData\Roaming\MiKTeX\2.9\tex\latex\txfonts\utxexa.fd
File: utxexa.fd 2000/12/15 v3.1
)
LaTeX Font Info:    ... okay on input line 32.
LaTeX Font Info:    Try loading font information for T1+txr on input line 32.

(C:\Users\Marcin\AppData\Roaming\MiKTeX\2.9\tex\latex\txfonts\t1txr.fd
File: t1txr.fd 2000/12/15 v3.1
)
(C:\Users\Marcin\AppData\Roaming\MiKTeX\2.9\tex\context\base\supp-pdf.mkii
[Loading MPS to PDF converter (version 2006.09.02).]
\scratchcounter=\count118
\scratchdimen=\dimen127
\scratchbox=\box34
\nofMPsegments=\count119
\nofMParguments=\count120
\everyMPshowfont=\toks26
\MPscratchCnt=\count121
\MPscratchDim=\dimen128
\MPnumerator=\count122
\makeMPintoPDFobject=\count123
\everyMPtoPDFconversion=\toks27
)
\AtBeginShipoutBox=\box35
Package caption Info: Begin \AtBeginDocument code.
Package caption Info: float package is loaded.
Package caption Info: listings package is loaded.
Package caption Info: End \AtBeginDocument code.
\c@lstlisting=\count124
 <resources/title_page.pdf, id=1, 597.23125pt x 845.1575pt>
File: resources/title_page.pdf Graphic file (type pdf)

<use resources/title_page.pdf>
Package pdftex.def Info: resources/title_page.pdf used on input line 72.
(pdftex.def)             Requested size: 597.22978pt x 845.15544pt.
File: resources/title_page.pdf Graphic file (type pdf)
 <use resources/title_page.pdf>
Package pdftex.def Info: resources/title_page.pdf used on input line 72.
(pdftex.def)             Requested size: 597.22978pt x 845.15544pt.

<resources/title_page.pdf, id=4, page=1, 597.23125pt x 845.1575pt>
File: resources/title_page.pdf Graphic file (type pdf)

<use resources/title_page.pdf, page 1>
Package pdftex.def Info: resources/title_page.pdf, page1 used on input line 72.

(pdftex.def)             Requested size: 597.22978pt x 845.15544pt.
File: resources/title_page.pdf Graphic file (type pdf)
 <use resources/title_page.pdf, page 1>
Package pdftex.def Info: resources/title_page.pdf, page1 used on input line 72.

(pdftex.def)             Requested size: 561.86221pt x 795.10587pt.
File: resources/title_page.pdf Graphic file (type pdf)

<use resources/title_page.pdf, page 1>
Package pdftex.def Info: resources/title_page.pdf, page1 used on input line 72.

(pdftex.def)             Requested size: 561.86221pt x 795.10587pt.
File: resources/title_page.pdf Graphic file (type pdf)
 <use resources/title_page.pdf, page 1>
Package pdftex.def Info: resources/title_page.pdf, page1 used on input line 72.

(pdftex.def)             Requested size: 561.86221pt x 795.10587pt.
File: resources/title_page.pdf Graphic file (type pdf)

<use resources/title_page.pdf, page 1>
Package pdftex.def Info: resources/title_page.pdf, page1 used on input line 72.

(pdftex.def)             Requested size: 561.86221pt x 795.10587pt.
 [1

 <D:/Workspace/Qubic/docs/resources/title_page.pdf>] (D:\Workspace\Qubic\docs\t
hesis.toc
LaTeX Font Info:    Try loading font information for OT1+txr on input line 2.

(C:\Users\Marcin\AppData\Roaming\MiKTeX\2.9\tex\latex\txfonts\ot1txr.fd
File: ot1txr.fd 2000/12/15 v3.1
)
LaTeX Font Info:    Try loading font information for U+txsya on input line 2.

(C:\Users\Marcin\AppData\Roaming\MiKTeX\2.9\tex\latex\txfonts\utxsya.fd
File: utxsya.fd 2000/12/15 v3.1
)
LaTeX Font Info:    Try loading font information for U+txsyb on input line 2.

(C:\Users\Marcin\AppData\Roaming\MiKTeX\2.9\tex\latex\txfonts\utxsyb.fd
File: utxsyb.fd 2000/12/15 v3.1
)
LaTeX Font Info:    Try loading font information for U+txmia on input line 2.

(C:\Users\Marcin\AppData\Roaming\MiKTeX\2.9\tex\latex\txfonts\utxmia.fd
File: utxmia.fd 2000/12/15 v3.1
)
LaTeX Font Info:    Try loading font information for U+txsyc on input line 2.

(C:\Users\Marcin\AppData\Roaming\MiKTeX\2.9\tex\latex\txfonts\utxsyc.fd
File: utxsyc.fd 2000/12/15 v3.1
)
[2

{C:/Users/Marcin/AppData/Local/MiKTeX/2.9/pdftex/config/pdftex.map}])
\tf@toc=\write3

[3]
Rozdzia\IeC {\l } 1.

Overfull \hbox (2.72543pt too wide) in paragraph at lines 89--94
\T1/txr/m/n/12 mapowanie obiektowo-relacyjne to obec-nie za-gad-nie-nie co raz 
bardziej powszechne,
 []

<resources/trends.png, id=36, 605.26125pt x 161.85469pt>
File: resources/trends.png Graphic file (type png)

<use resources/trends.png>
Package pdftex.def Info: resources/trends.png used on input line 97.
(pdftex.def)             Requested size: 398.33858pt x 106.52063pt.
 [4

]
Overfull \hbox (1.53426pt too wide) in paragraph at lines 102--107
[]\T1/txr/m/n/12 Podziaª pracy wspóªau-torów twor-zonej ap-likacji szkiele-towe
j, dalej pojawiaj[]cej
 []


Overfull \hbox (5.13744pt too wide) in paragraph at lines 102--107
\T1/txr/m/n/12 obiektowo-relacyjnego. Zadaniem gen-er-a-tora b[]dzie wygen-erow
anie opisu mapowa-
 []

<resources/coop.png, id=41, 706.13812pt x 346.29375pt>
File: resources/coop.png Graphic file (type png)

<use resources/coop.png>
Package pdftex.def Info: resources/coop.png used on input line 110.
(pdftex.def)             Requested size: 398.33858pt x 195.34985pt.
 [5 <D:/Workspace/Qubic/docs/resources/trends.png> <D:/Workspace/Qubic/docs/res
ources/coop.png>]
LaTeX Font Info:    Try loading font information for OMS+txr on input line 126.


(C:\Users\Marcin\AppData\Roaming\MiKTeX\2.9\tex\latex\txfonts\omstxr.fd
File: omstxr.fd 2000/12/15 v3.1
)
LaTeX Font Info:    Font shape `OMS/txr/m/n' in size <12> not available
(Font)              Font shape `OMS/txsy/m/n' tried instead on input line 126.

Overfull \hbox (5.23216pt too wide) in paragraph at lines 131--133
[]\T1/txr/m/n/12 Liczne funkcjon-al-no±ci -- aby sko-rzys-ta¢ z transakcji, poª
[]czenia z baz[] danych
 []


Overfull \hbox (7.62015pt too wide) in paragraph at lines 131--133
\T1/txr/m/n/12 a tak»e wieu in-nych funkcjon-al-no±ci baz danych wystar-czy za-
zwyczaj wywoªa¢
 []

[6]
Overfull \hbox (3.82945pt too wide) in paragraph at lines 147--151
\T1/txr/m/n/12 narz[]dzi za-kªa-da-j[]c, »e po-zostaªa funkcjon-al-no±¢ mapowa-
nia obiektowo-relacyjnego
 []


Overfull \hbox (0.70811pt too wide) in paragraph at lines 160--162
[]\T1/txr/m/n/12 Stworzenie wªas-nej ap-likacji szkiele-towej realizuj[]cej map
owanie obiektowo-
 []


Overfull \hbox (2.36414pt too wide) in paragraph at lines 162--164
\T1/txr/m/n/12 si[] sªuszne oraz czy Qubic wnosi co± nowego do grona istniej[]c
ych rozwi[]za«. 
 []

[7]
Overfull \hbox (5.2081pt too wide) in paragraph at lines 173--174
[]\T1/txr/m/n/12 Stworzenie gen-er-a-tora opisu mapowa-nia obiektowo-relacyjneg
o -- jest to celem
 []

[8] [9]
Overfull \hbox (19.39026pt too wide) in paragraph at lines 251--253
[]\T1/txr/m/n/12 Nast[]pnie au-tor przed-stawia analiz[] istniej[]cych ju» narz
[]dzi sªu»[]cych do mapowa-
 []

[10] [11]
Rozdzia\IeC {\l } 2.
<resources/layers.png, id=68, 296.60812pt x 202.50656pt>
File: resources/layers.png Graphic file (type png)

<use resources/layers.png>
Package pdftex.def Info: resources/layers.png used on input line 269.
(pdftex.def)             Requested size: 239.00557pt x 163.18582pt.
 [12

 <D:/Workspace/Qubic/docs/resources/layers.png>]
Overfull \hbox (5.92812pt too wide) in paragraph at lines 277--279
\T1/txr/m/n/12 powinna za-w-iera¢ implementacj[] reguª biz-ne-sowych i wyma-ga«
 sys-te-mowych,
 []


Overfull \hbox (1.39209pt too wide) in paragraph at lines 279--281
[]\T1/txr/m/n/12 Warstwa tr-waªo±ci danych -- stanowi grup[] klas i kom-po-nen-
tów odpowiedzial-
 []

[13]
Overfull \hbox (3.61342pt too wide) in paragraph at lines 309--312
\T1/txr/m/n/12 j[]zyka SQL, który jest fun-da-mentem mapowa-nia obiektowo-relac
yjnego oraz wszys-
 []

[14]
Overfull \hbox (2.25426pt too wide) in paragraph at lines 330--333
[]\T1/txr/m/n/12 Wi[]kszo±¢ pro-gramistów jed-nak na-jbardziej zain-tere-sowana
 jest prob-le-mem biz-
 []

LaTeX Font Info:    Try loading font information for T1+txtt on input line 344.

(C:\Users\Marcin\AppData\Roaming\MiKTeX\2.9\tex\latex\txfonts\t1txtt.fd
File: t1txtt.fd 2000/12/15 v3.1
)
Overfull \hbox (6.13203pt too wide) in paragraph at lines 351--355
\T1/txr/m/n/12 zwi[]zki mi[]dzy klasami, na przykªad pomi[]dzy klasami \T1/txtt
/m/n/12 User \T1/txr/m/n/12 i \T1/txtt/m/n/12 Adress\T1/txr/m/n/12 . J[]zyki
 []

[15]
Overfull \hbox (13.03178pt too wide) in paragraph at lines 355--359
\T1/txr/m/n/12 wywoªamy metod[] \T1/txtt/m/n/12 user.getAdress().getStreet()\T1
/txr/m/n/12 , wywoªanie takie nazy-
 []


Overfull \hbox (1.94543pt too wide) in paragraph at lines 373--376
\T1/txr/m/n/12 prob-lemu nazy-wane najcz[]±ciej mapowaniem, b[]d¹ te» odw-zorow
aniem obiektowo-
 []

[16]
Overfull \hbox (3.83636pt too wide) in paragraph at lines 381--383
[]\T1/txr/m/it/12 Mapowanie obiektowo-relacyjne -- au-tomaty-czna i niewidoczna
 dla u»y-
 []

<resources/orm.png, id=88, 505.89pt x 204.01219pt>
File: resources/orm.png Graphic file (type png)
 <use resources/orm.png>
Package pdftex.def Info: resources/orm.png used on input line 387.
(pdftex.def)             Requested size: 358.50227pt x 144.57571pt.

[17 <D:/Workspace/Qubic/docs/resources/orm.png>]
Overfull \hbox (1.22542pt too wide) in paragraph at lines 401--405
\T1/txr/m/n/12 odniesie-niu do dowol-nej war-swy tr-waªo±ci, która za-py-ta-nia
 do bazy danych generuje
 []


Overfull \hbox (0.63747pt too wide) in paragraph at lines 401--405
\T1/txr/m/n/12 gen-er-a-tora dla po-jedy«czej ap-likacji cz[]sto mija si[] z ce
lem i lep-szym rozwi[]zaniem
 []


Overfull \hbox (15.13344pt too wide) in paragraph at lines 401--405
\T1/txr/m/n/12 jest sko-rzys-tanie z go-towego narz[]dzia sªu»acego do mapowa-n
ia b[]d¹ te» wªasnor[]czna
 []


Overfull \hbox (4.3081pt too wide) in paragraph at lines 424--426
\T1/txr/m/n/12 lem ten zostaje wye-lim-i-nowany a caªa uwaga pro-gramisty mo»e 
zosta¢ po±wi[]-
 []

[18]
Overfull \hbox (7.64342pt too wide) in paragraph at lines 432--434
[]\T1/txr/m/n/12 Niezale»no±¢ -- ab-strakcja j[]zyka SQL uwal-nia programist[] 
od jego szczegóªów
 []


Overfull \hbox (21.21613pt too wide) in paragraph at lines 432--434
\T1/txr/m/n/12 i ró»nych jego di-alek-tów w poszczegól-nych sys-temach bazo-dan
owych. Wi[]kszo±¢
 []


Overfull \hbox (2.70143pt too wide) in paragraph at lines 442--444
\T1/txr/m/n/12 Na wst[]pie ap-likacje szkiele-towe zostaªy opisane jako ,,fun-d
a-menty'' dla twor-zonych
 []

[19]
Overfull \hbox (17.83208pt too wide) in paragraph at lines 463--465
[]\T1/txr/m/n/12 Poprawa jako±ci kodu oraz wi[]ksza nieza-wod-no±¢ -- go-towy k
od zostaª wielokrot-
 []

[20]
Rozdzia\IeC {\l } 3.
[21

]
Overfull \hbox (1.72945pt too wide) in paragraph at lines 506--507
\T1/txr/m/n/12 Analiz[] rozpoczyna na-jpop-u-larniejsza bib-lioteka re-al-izu-j
aca mapowanie obiektowo-
 []

<resources/qxorm.png, id=106, 192.72pt x 45.92157pt>
File: resources/qxorm.png Graphic file (type png)
 <use resources/qxorm.png>
Package pdftex.def Info: resources/qxorm.png used on input line 510.
(pdftex.def)             Requested size: 199.16928pt x 47.45808pt.

[22 <D:/Workspace/Qubic/docs/resources/qxorm.png>]
(C:\Users\Marcin\AppData\Roaming\MiKTeX\2.9\tex\latex\listings\lstlang1.sty
File: lstlang1.sty 2014/03/04 1.5c listings language file
)
(C:\Users\Marcin\AppData\Roaming\MiKTeX\2.9\tex\latex\listings\lstlang1.sty
File: lstlang1.sty 2014/03/04 1.5c listings language file
)
(C:\Users\Marcin\AppData\Roaming\MiKTeX\2.9\tex\latex\listings\lstmisc.sty
File: lstmisc.sty 2014/03/04 1.5c (Carsten Heinz)
)
(D:\Workspace\Qubic\docs\resources/qxorm_sampleclass.h
LaTeX Font Info:    Font shape `T1/txtt/m/it' in size <10> not available
(Font)              Font shape `T1/txtt/m/sl' tried instead on input line 16.
)
(D:\Workspace\Qubic\docs\resources/qxorm_sampleclass.cpp [23])
(D:\Workspace\Qubic\docs\resources/qxorm_sample.cpp [24]) [25]
Rozdzia\IeC {\l } 4.
[26

]
Overfull \hbox (1.8601pt too wide) in paragraph at lines 576--578
[]\T1/txr/m/n/12 Aplikacja musi umo»li-wia¢ pod-sta-wowe op-er-acje mapowa-nia 
obiektowo-rela-
 []


Overfull \hbox (1.94412pt too wide) in paragraph at lines 579--581
\T1/txr/m/n/12 padku wyst[]pienia relacji ró»nych od je-den do jed-nego. U»ytko
wnik powinien
 []


Overfull \hbox (2.79616pt too wide) in paragraph at lines 595--596
[]\T1/txr/m/n/12 Pami[]¢ w trak-cie dzi-aªa-nia ap-likacji musi by¢ odpowied-ni
o zarz[]dzana, niedo-
 []

[27] <resources/qb.png, id=129, 225.84375pt x 225.84375pt>
File: resources/qb.png Graphic file (type png)

<use resources/qb.png>
Package pdftex.def Info: resources/qb.png used on input line 605.
(pdftex.def)             Requested size: 219.08743pt x 219.09917pt.
 [28 <D:/Workspace/Qubic/docs/resources/qb.png>]
<resources/diagram.jpeg, id=134, 469.755pt x 774.64406pt>
File: resources/diagram.jpeg Graphic file (type jpg)

<use resources/diagram.jpeg>
Package pdftex.def Info: resources/diagram.jpeg used on input line 623.
(pdftex.def)             Requested size: 358.50227pt x 591.18236pt.

Overfull \vbox (40.62723pt too high) has occurred while \output is active []


[29 <D:/Workspace/Qubic/docs/resources/diagram.jpeg>]
Overfull \hbox (6.05824pt too wide) in paragraph at lines 641--643
[]\T1/txr/m/n/12 Jedyn[] bibliotek[] wykorzystywan[] przez Qubica jest Qs-Log [
[]] odpowiedzialny
 []


Overfull \hbox (0.73346pt too wide) in paragraph at lines 646--648
\T1/txr/m/n/12 Podczas pracy nad pro-jek-tami w których bierze udziaª wi[]cej n
i» jedna os-oba bardzo
 []

<resources/githubissue.png, id=138, 779.16093pt x 578.91281pt>
File: resources/githubissue.png Graphic file (type png)

<use resources/githubissue.png>
Package pdftex.def Info: resources/githubissue.png used on input line 654.
(pdftex.def)             Requested size: 398.33858pt x 295.95714pt.


LaTeX Warning: `h' float specifier changed to `ht'.

<resources/githubmilestone.png, id=139, 703.12688pt x 175.40532pt>
File: resources/githubmilestone.png Graphic file (type png)

<use resources/githubmilestone.png>
Package pdftex.def Info: resources/githubmilestone.png used on input line 660.
(pdftex.def)             Requested size: 398.33858pt x 99.36914pt.


LaTeX Warning: `!h' float specifier changed to `!ht'.


Overfull \hbox (4.16544pt too wide) in paragraph at lines 670--673
\T1/txr/m/n/12 Kluczowym mod-uªem narz[]dzi pro-gramisty-cznych realizuj[]cych 
mapowanie obiekt-
 []


Overfull \hbox (2.79745pt too wide) in paragraph at lines 670--673
\T1/txr/m/n/12 metod, które jako ar-gu-menty przyjmuj[] obiekty dziedzicz[]ce p
o jed-nej z klas Qubica
 []

[30]
Overfull \vbox (4.89111pt too high) has occurred while \output is active []


[31 <D:/Workspace/Qubic/docs/resources/githubissue.png> <D:/Workspace/Qubic/doc
s/resources/githubmilestone.png>]
Overfull \hbox (2.56947pt too wide) in paragraph at lines 674--680
\T1/txr/m/n/12 opis, cz[]±¢ narz[]dzi je realizuj[]cych ko-rzysta z ad-no-tacji
, które okre±laj[] mapowanie
 []

[32] <resources/store_schema.png, id=152, 796.9775pt x 1127.21124pt>
File: resources/store_schema.png Graphic file (type png)

<use resources/store_schema.png>
Package pdftex.def Info: resources/store_schema.png used on input line 686.
(pdftex.def)             Requested size: 398.33858pt x 563.39784pt.

Overfull \vbox (18.84271pt too high) has occurred while \output is active []


[33 <D:/Workspace/Qubic/docs/resources/store_schema.png (PNG copy)>]
<resources/update_schema.png, id=156, 796.9775pt x 1127.21124pt>
File: resources/update_schema.png Graphic file (type png)

<use resources/update_schema.png>
Package pdftex.def Info: resources/update_schema.png used on input line 692.
(pdftex.def)             Requested size: 398.33858pt x 563.39784pt.

Overfull \vbox (18.84271pt too high) has occurred while \output is active []


[34 <D:/Workspace/Qubic/docs/resources/update_schema.png (PNG copy)>]
<resources/load_schema.png, id=160, 796.9775pt x 1127.21124pt>
File: resources/load_schema.png Graphic file (type png)

<use resources/load_schema.png>
Package pdftex.def Info: resources/load_schema.png used on input line 698.
(pdftex.def)             Requested size: 398.33858pt x 563.39784pt.

Overfull \vbox (18.84271pt too high) has occurred while \output is active []


[35 <D:/Workspace/Qubic/docs/resources/load_schema.png (PNG copy)>]
<resources/remove_schema.png, id=164, 796.9775pt x 1127.21124pt>
File: resources/remove_schema.png Graphic file (type png)

<use resources/remove_schema.png>
Package pdftex.def Info: resources/remove_schema.png used on input line 704.
(pdftex.def)             Requested size: 398.33858pt x 563.39784pt.

Overfull \vbox (18.84271pt too high) has occurred while \output is active []


[36 <D:/Workspace/Qubic/docs/resources/remove_schema.png (PNG copy)>]
(C:\Users\Marcin\AppData\Roaming\MiKTeX\2.9\tex\latex\listings\lstlang1.sty
File: lstlang1.sty 2014/03/04 1.5c listings language file
)
(D:\Workspace\Qubic\docs\resources/sample_db.sql [37])
Overfull \hbox (1.65744pt too wide) in paragraph at lines 720--722
\T1/txr/m/n/12 oraz pro-jektu, nast[]pnie w celach prezen-ta-cyjnych stwor-zony
 zostaª za-prezen-towany
 []

(D:\Workspace\Qubic\docs\resources/sample_app.cpp [38] [39] [40])
(D:\Workspace\Qubic\docs\resources/sample_cmd.txt [41]) [42]
Overfull \hbox (4.20142pt too wide) in paragraph at lines 758--761
\T1/txr/m/n/12 przede wszys-tkim niskim poziomem skom-p-likowa-nia in-ter-fe-js
u, co mo»na za-uwa»y¢
 []


Overfull \hbox (0.56543pt too wide) in paragraph at lines 758--761
\T1/txr/m/n/12 podzczas gen-erowa-nia opisu czy go-towe metody dost[]pu do obie
k-tów powi[]zanych. 
 []


Overfull \hbox (5.83022pt too wide) in paragraph at lines 762--764
[]\T1/txr/m/n/12 Qubic nale»y do wol-nego opro-gramowa-nia udost[]pnianego na l
i-cencji GNU/GPL
 []


Overfull \hbox (20.0047pt too wide) in paragraph at lines 767--768
\T1/txr/m/n/12 W celu dal-szego roz-woju stwor-zonej ap-likacji szkiele-towej w
arto rozwa»y¢ wprowadze-
 []


Overfull \hbox (2.38812pt too wide) in paragraph at lines 770--773
[]\T1/txr/m/n/12 System ad-no-tacji -- obec-nie na opis mapowa-nia skªadaj[] si
[] odpowie-nie nazwy
 []

[43]
Overfull \hbox (5.62813pt too wide) in paragraph at lines 780--782
[]\T1/txr/m/n/12 Wsparcie dla ró»nych rodza-jów baz danych -- wprowadze-nie teg
o us-prawnienia
 []


Overfull \hbox (4.93141pt too wide) in paragraph at lines 780--782
\T1/txr/m/n/12 ogranicza si[] do im-ple-men-tacji kilku in-ter-fe-jsów dla in-n
ych ni» MySQL rodza-
 []


Overfull \hbox (13.81215pt too wide) in paragraph at lines 782--784
[]\T1/txr/m/n/12 Serializacja danych -- do-danie mo»li-wo±ci se-ri-al-iza-cji m
o»e okaza¢ si[] u»yteczne
 []


Overfull \hbox (3.93607pt too wide) in paragraph at lines 786--788
[]\T1/txr/m/n/12 Wielow[]tkowo±¢ -- wyko-rzys-tanie wielow[]tkowo±ci w przy-pad
ku mapowania-
 []

[44]
Rozdzia\IeC {\l } 5.

Overfull \hbox (3.01025pt too wide) in paragraph at lines 798--800
[]\T1/txr/m/n/12 Dzi[]ki re-al-iza-cji wszys-t-kich postaw-ionych wcze±niej cel
ów oraz wyma-ga« udaªo
 []

[45

] [46]
Underfull \hbox (badness 10000) in paragraph at lines 822--823
[]\T1/txr/m/n/12 Portal UAM w Poz-na-niu. \T1/txtt/m/n/12 http://www.staff.amu.
edu.pl/[]psi/-
 []


Underfull \hbox (badness 10000) in paragraph at lines 823--824
[]\T1/txr/m/n/12 Grosser, An-drzej. Szkielety tworzenia ap-likacji.
 []

[47

] (D:\Workspace\Qubic\docs\thesis.lof
Overfull \hbox (23.78548pt too wide) in paragraph at lines 2--2
 [][] []\T1/txr/m/n/12 Wykres przedstawiaj[]cy pop-u-larno±¢ mapowa-nia obiekto
wo-relacyjnego 
 []

)
\tf@lof=\write4
 [48

] (D:\Workspace\Qubic\docs\thesis.lot)
\tf@lot=\write5
 [49

]
(D:\Workspace\Qubic\docs\thesis.lol)
\tf@lol=\write6
 [50

] (D:\Workspace\Qubic\docs\thesis.aux) ) 
Here is how much of TeX's memory you used:
 7889 strings out of 493921
 108248 string characters out of 3144874
 364275 words of memory out of 3000000
 10998 multiletter control sequences out of 15000+200000
 61143 words of font info for 113 fonts, out of 3000000 for 9000
 841 hyphenation exceptions out of 8191
 40i,18n,68p,349b,1948s stack positions out of 5000i,500n,10000p,200000b,50000s
{C:/Program Files (x86)/MiKTeX 2.9/font
s/enc/dvips/fontname/8r.enc}<C:/Users/Marcin/AppData/Roaming/MiKTeX/2.9/fonts/t
ype1/public/txfonts/rtxb.pfb><C:/Users/Marcin/AppData/Roaming/MiKTeX/2.9/fonts/
type1/public/txfonts/rtxr.pfb><C:/Users/Marcin/AppData/Roaming/MiKTeX/2.9/fonts
/type1/public/txfonts/t1xbtt.pfb><C:/Users/Marcin/AppData/Roaming/MiKTeX/2.9/fo
nts/type1/public/txfonts/t1xtt.pfb><C:/Users/Marcin/AppData/Roaming/MiKTeX/2.9/
fonts/type1/public/txfonts/t1xtt.pfb><C:/Users/Marcin/AppData/Roaming/MiKTeX/2.
9/fonts/type1/public/txfonts/txsy.pfb><C:/Program Files (x86)/MiKTeX 2.9/fonts/
type1/urw/times/utmb8a.pfb><C:/Program Files (x86)/MiKTeX 2.9/fonts/type1/urw/t
imes/utmr8a.pfb><C:/Program Files (x86)/MiKTeX 2.9/fonts/type1/urw/times/utmr8a
.pfb><C:/Program Files (x86)/MiKTeX 2.9/fonts/type1/urw/times/utmri8a.pfb>
Output written on thesis.pdf (50 pages, 889666 bytes).
PDF statistics:
 248 PDF objects out of 1000 (max. 8388607)
 0 named destinations out of 1000 (max. 500000)
 86 words of extra memory for PDF output out of 10000 (max. 10000000)

